{
  "RSpec": {
    "coverage": {
      "/Users/Aerlinger/Dropbox/HomespreeRails/app/controllers/application_controller.rb": [
        1,
        1,
        null,
        null,
        null,
        null,
        null,
        null,
        null,
        null,
        null,
        null,
        null,
        1,
        null,
        166,
        null,
        null,
        105,
        null,
        null,
        1,
        3594,
        186,
        3408,
        3236,
        172,
        7,
        null,
        165,
        null,
        null,
        null,
        1,
        1556,
        null,
        null,
        1,
        1,
        1,
        1,
        null,
        1,
        null,
        null,
        null,
        1,
        null,
        null,
        null,
        null,
        null,
        null,
        null,
        null,
        1,
        16,
        16,
        16,
        null,
        null
      ],
      "/Users/Aerlinger/Dropbox/HomespreeRails/app/helpers/application_helper.rb": [
        1,
        null,
        1,
        152,
        null,
        152,
        87,
        null,
        65,
        null,
        null,
        null,
        1,
        0,
        null,
        null,
        1,
        0,
        0,
        null,
        0,
        0,
        null,
        null,
        1,
        null,
        41,
        null,
        null,
        null,
        null,
        null,
        null,
        null,
        null,
        null,
        null,
        null,
        null,
        null,
        null,
        null,
        null,
        null,
        null,
        null,
        null,
        null,
        null,
        null,
        null,
        null,
        null,
        null,
        null,
        null,
        null,
        null,
        null,
        null,
        null,
        null,
        null,
        null,
        null,
        null,
        null,
        null,
        null,
        null,
        null,
        null,
        null,
        null,
        null,
        null,
        null,
        null,
        null,
        null,
        null,
        1,
        41,
        820,
        null,
        null,
        null,
        null
      ],
      "/Users/Aerlinger/Dropbox/HomespreeRails/app/helpers/calendar_helper.rb": [
        1,
        1,
        0,
        null,
        null,
        1,
        1,
        1,
        null,
        1,
        null,
        1,
        0,
        0,
        null,
        null,
        null,
        1,
        0,
        0,
        null,
        null,
        null,
        1,
        0,
        0,
        0,
        null,
        null,
        null,
        null,
        1,
        0,
        null,
        null,
        1,
        0,
        0,
        0,
        0,
        null,
        null,
        1,
        0,
        0,
        0,
        null,
        null,
        null
      ],
      "/Users/Aerlinger/Dropbox/HomespreeRails/app/helpers/dashboard_helper.rb": [
        1,
        null,
        1,
        0,
        null,
        null,
        1,
        9,
        null,
        null,
        1,
        9,
        null,
        null,
        1,
        9,
        null,
        null,
        1,
        9,
        null,
        null,
        1,
        0,
        null,
        null,
        null
      ],
      "/Users/Aerlinger/Dropbox/HomespreeRails/app/helpers/profiles_helper.rb": [
        1,
        1,
        574,
        null,
        null,
        1,
        null,
        null,
        null,
        null,
        49,
        null,
        null,
        1,
        1404,
        1379,
        null,
        null,
        null
      ],
      "/Users/Aerlinger/Dropbox/HomespreeRails/app/admin/addresses.rb": [
        1,
        null,
        null
      ],
      "/Users/Aerlinger/Dropbox/HomespreeRails/app/models/address.rb": [
        null,
        null,
        null,
        null,
        null,
        null,
        null,
        null,
        null,
        null,
        null,
        null,
        null,
        null,
        null,
        null,
        null,
        null,
        null,
        1,
        null,
        1,
        null,
        1,
        null,
        null,
        1,
        1,
        null,
        1,
        1,
        null,
        null,
        1,
        1,
        null,
        null,
        null,
        1,
        296,
        null,
        null,
        1,
        null,
        1,
        740,
        692,
        null,
        null,
        null
      ],
      "/Users/Aerlinger/Dropbox/HomespreeRails/app/admin/appointments.rb": [
        1,
        null,
        null
      ],
      "/Users/Aerlinger/Dropbox/HomespreeRails/app/models/appointment.rb": [
        null,
        null,
        null,
        null,
        null,
        null,
        null,
        null,
        null,
        null,
        null,
        null,
        null,
        null,
        null,
        null,
        null,
        null,
        null,
        null,
        null,
        null,
        null,
        null,
        null,
        1,
        1,
        1,
        null,
        null,
        1,
        null,
        null,
        1,
        1,
        1,
        1,
        null,
        1,
        null,
        null,
        1,
        1,
        null,
        null,
        1,
        8,
        null,
        null,
        1,
        4,
        null,
        null,
        1,
        3,
        null,
        null,
        1,
        0,
        null,
        null,
        1,
        0,
        null,
        null,
        1,
        0,
        null,
        null,
        1,
        0,
        null,
        null,
        null
      ],
      "/Users/Aerlinger/Dropbox/HomespreeRails/app/admin/contractors.rb": [
        1,
        null,
        null
      ],
      "/Users/Aerlinger/Dropbox/HomespreeRails/app/models/contractor.rb": [
        null,
        null,
        null,
        null,
        null,
        null,
        null,
        null,
        null,
        null,
        null,
        null,
        null,
        null,
        null,
        null,
        null,
        null,
        null,
        null,
        null,
        null,
        null,
        null,
        null,
        null,
        null,
        null,
        null,
        null,
        null,
        null,
        null,
        null,
        null,
        null,
        null,
        null,
        null,
        null,
        null,
        null,
        null,
        null,
        null,
        null,
        null,
        null,
        1,
        null,
        null,
        1,
        1,
        null,
        null,
        1,
        null,
        null,
        1,
        null,
        null,
        null,
        null,
        1,
        1,
        null,
        1,
        null,
        1,
        1,
        1,
        1,
        1,
        null,
        null,
        1,
        null,
        null,
        1,
        1,
        null,
        1,
        1,
        1,
        null,
        null,
        null,
        1,
        1,
        null,
        379,
        1,
        1,
        null,
        null,
        null,
        1,
        null,
        null,
        null,
        null,
        1,
        2,
        2,
        2,
        2,
        2,
        2,
        2,
        2,
        2,
        2,
        null,
        2,
        null,
        null,
        1,
        0,
        null,
        null,
        1,
        58,
        4,
        54,
        0,
        null,
        54,
        null,
        null,
        null,
        1,
        0,
        null,
        null,
        1,
        0,
        null,
        null,
        1,
        58,
        null,
        null,
        1,
        342,
        342,
        null,
        null,
        1,
        1,
        null,
        null,
        1,
        92,
        null,
        null,
        1,
        null,
        1,
        293,
        293,
        293,
        null,
        null,
        1,
        null,
        null
      ],
      "/Users/Aerlinger/Dropbox/HomespreeRails/app/models/user.rb": [
        null,
        null,
        null,
        null,
        null,
        null,
        null,
        null,
        null,
        null,
        null,
        null,
        null,
        null,
        null,
        null,
        null,
        null,
        null,
        null,
        null,
        null,
        null,
        null,
        null,
        null,
        null,
        null,
        null,
        null,
        null,
        null,
        null,
        null,
        null,
        null,
        null,
        null,
        null,
        null,
        null,
        null,
        null,
        null,
        null,
        null,
        null,
        null,
        1,
        null,
        null,
        1,
        1,
        1,
        null,
        null,
        1,
        null,
        null,
        1,
        1,
        null,
        null,
        1,
        null,
        null,
        1,
        1,
        null,
        null,
        1,
        null,
        null,
        1,
        612,
        1,
        null,
        null,
        null,
        null,
        1,
        null,
        1,
        0,
        0,
        null,
        null,
        null,
        1,
        611,
        611,
        null,
        null
      ],
      "/Users/Aerlinger/Dropbox/HomespreeRails/app/admin/dashboards.rb": [
        1,
        null,
        1,
        null,
        1,
        0,
        0,
        0,
        0,
        null,
        null,
        null,
        null,
        null,
        null,
        null,
        null,
        null,
        null,
        null,
        null,
        null,
        null,
        null,
        null,
        null,
        null,
        null,
        null,
        null,
        null,
        null,
        null
      ],
      "/Users/Aerlinger/Dropbox/HomespreeRails/app/admin/homeowners.rb": [
        1,
        null,
        null
      ],
      "/Users/Aerlinger/Dropbox/HomespreeRails/app/models/homeowner.rb": [
        null,
        null,
        null,
        null,
        null,
        null,
        null,
        null,
        null,
        null,
        null,
        null,
        null,
        null,
        null,
        null,
        null,
        null,
        null,
        null,
        null,
        null,
        null,
        null,
        null,
        null,
        null,
        null,
        null,
        null,
        null,
        null,
        null,
        null,
        null,
        null,
        null,
        null,
        null,
        null,
        null,
        null,
        null,
        null,
        null,
        null,
        null,
        null,
        1,
        null,
        null,
        null,
        null,
        null,
        null,
        1,
        null,
        null,
        1,
        1,
        null,
        1,
        1,
        1,
        null,
        null,
        1,
        1,
        null,
        null,
        1,
        5,
        null,
        null,
        1,
        0,
        null,
        null,
        1,
        1,
        null,
        null,
        1,
        0,
        0,
        0,
        null,
        null,
        1,
        23,
        23,
        23,
        23,
        null,
        23,
        23,
        null,
        null,
        1,
        1,
        null,
        null,
        1,
        2,
        null,
        null,
        1,
        null,
        1,
        229,
        null,
        229,
        229,
        229,
        null,
        null,
        229,
        229,
        null,
        229,
        null,
        null,
        1,
        24,
        null,
        null
      ],
      "/Users/Aerlinger/Dropbox/HomespreeRails/app/admin/mailinglists.rb": [
        1,
        1,
        0,
        0,
        0,
        0,
        0,
        null,
        null,
        null,
        null,
        null,
        null,
        null,
        null,
        null,
        null,
        null,
        null,
        null
      ],
      "/Users/Aerlinger/Dropbox/HomespreeRails/app/models/mailinglist.rb": [
        null,
        null,
        null,
        null,
        null,
        null,
        null,
        null,
        null,
        null,
        null,
        null,
        null,
        1,
        null,
        null,
        1,
        1,
        null,
        null,
        1,
        1,
        1,
        1,
        null,
        null,
        1,
        null,
        null,
        1,
        null,
        null,
        1,
        18,
        17,
        null,
        1,
        null,
        null,
        null,
        1,
        18,
        null,
        null,
        null
      ],
      "/Users/Aerlinger/Dropbox/HomespreeRails/app/admin/project_fields.rb": [
        1,
        null,
        null
      ],
      "/Users/Aerlinger/Dropbox/HomespreeRails/app/models/project_field.rb": [
        null,
        null,
        null,
        null,
        null,
        null,
        null,
        null,
        null,
        null,
        null,
        null,
        null,
        null,
        null,
        null,
        null,
        null,
        null,
        null,
        null,
        null,
        null,
        null,
        null,
        null,
        null,
        null,
        null,
        null,
        null,
        null,
        null,
        null,
        null,
        null,
        null,
        null,
        null,
        null,
        null,
        null,
        null,
        null,
        null,
        null,
        null,
        null,
        null,
        null,
        null,
        null,
        null,
        null,
        null,
        1,
        null,
        1,
        null,
        1,
        null,
        1,
        null,
        1,
        null,
        1,
        6,
        null,
        null,
        1,
        14,
        null,
        null
      ],
      "/Users/Aerlinger/Dropbox/HomespreeRails/app/admin/project_types.rb": [
        1,
        null,
        null
      ],
      "/Users/Aerlinger/Dropbox/HomespreeRails/app/models/project_type.rb": [
        null,
        null,
        null,
        null,
        null,
        null,
        null,
        null,
        null,
        null,
        null,
        1,
        1,
        null,
        null,
        1,
        1,
        null,
        null,
        1,
        null,
        1,
        1,
        null,
        null,
        1,
        null,
        1,
        9,
        4,
        null,
        null,
        null,
        1,
        37,
        null,
        null,
        1,
        0,
        null,
        null
      ],
      "/Users/Aerlinger/Dropbox/HomespreeRails/app/admin/projects.rb": [
        1,
        null,
        null
      ],
      "/Users/Aerlinger/Dropbox/HomespreeRails/app/models/project.rb": [
        null,
        null,
        null,
        null,
        null,
        null,
        null,
        null,
        null,
        null,
        null,
        null,
        null,
        null,
        null,
        null,
        null,
        1,
        null,
        null,
        1,
        1,
        null,
        null,
        null,
        1,
        null,
        null,
        1,
        null,
        null,
        1,
        1,
        null,
        1,
        1,
        1,
        1,
        null,
        null,
        1,
        1,
        null,
        null,
        1,
        1,
        1,
        null,
        null,
        1,
        1,
        1,
        1,
        null,
        null,
        1,
        1,
        1,
        1,
        null,
        1,
        1,
        null,
        null,
        1,
        175,
        null,
        null,
        1,
        1,
        null,
        null,
        1,
        1,
        1,
        1,
        1,
        null,
        1,
        null,
        null,
        null,
        null,
        1,
        null,
        5,
        null,
        5,
        null,
        null,
        null,
        null,
        1,
        0,
        0,
        null,
        null,
        null,
        1,
        null,
        1,
        330,
        0,
        0,
        null,
        null,
        null,
        null,
        1,
        106,
        0,
        null,
        null,
        null,
        1,
        106,
        106,
        null,
        null,
        null,
        1,
        155,
        null,
        null,
        null,
        null,
        null,
        null,
        null,
        null,
        null
      ],
      "/Users/Aerlinger/Dropbox/HomespreeRails/app/admin/service_types.rb": [
        1,
        null,
        null
      ],
      "/Users/Aerlinger/Dropbox/HomespreeRails/app/models/service_type.rb": [
        null,
        null,
        null,
        null,
        null,
        null,
        null,
        null,
        null,
        null,
        null,
        null,
        1,
        1,
        null,
        1,
        null,
        null,
        1,
        null,
        null,
        1,
        null,
        null,
        null,
        1,
        1,
        null,
        1,
        null,
        1,
        null,
        1,
        3,
        null,
        null,
        1,
        0,
        null,
        null
      ],
      "/Users/Aerlinger/Dropbox/HomespreeRails/app/models/admin_user.rb": [
        null,
        null,
        null,
        null,
        null,
        null,
        null,
        null,
        null,
        null,
        null,
        null,
        null,
        null,
        null,
        null,
        null,
        null,
        null,
        1,
        null,
        null,
        null,
        1,
        null,
        null,
        null,
        1,
        null,
        null
      ],
      "/Users/Aerlinger/Dropbox/HomespreeRails/app/controllers/addresses_controller.rb": [
        1,
        1,
        null,
        1,
        0,
        null,
        null,
        1,
        0,
        0,
        null,
        0,
        0,
        null,
        null,
        null
      ],
      "/Users/Aerlinger/Dropbox/HomespreeRails/app/controllers/browse_controller.rb": [
        1,
        1,
        null,
        null,
        1,
        null,
        null
      ],
      "/Users/Aerlinger/Dropbox/HomespreeRails/app/controllers/contractors/dashboard_controller.rb": [
        1,
        1,
        null,
        1,
        null,
        null,
        1,
        null,
        null,
        1,
        null,
        null,
        1,
        null,
        null,
        1,
        null,
        null,
        1,
        null,
        null
      ],
      "/Users/Aerlinger/Dropbox/HomespreeRails/app/controllers/contractors/passwords_controller.rb": [
        1,
        1,
        null,
        1,
        0,
        null,
        null,
        1,
        0,
        null,
        null,
        1,
        0,
        null,
        null,
        1,
        0,
        null,
        null
      ],
      "/Users/Aerlinger/Dropbox/HomespreeRails/app/controllers/contractors/registrations_controller.rb": [
        1,
        1,
        null,
        1,
        null,
        null,
        null,
        null,
        null,
        null,
        null,
        1,
        null,
        1,
        39,
        null,
        null,
        1,
        0,
        null,
        null,
        1,
        0,
        0,
        0,
        null,
        null,
        1,
        46,
        46,
        46,
        46,
        46,
        46,
        46,
        null,
        null,
        null
      ],
      "/Users/Aerlinger/Dropbox/HomespreeRails/app/controllers/contractors_controller.rb": [
        1,
        1,
        null,
        1,
        1,
        null,
        1,
        null,
        1,
        53,
        53,
        null,
        53,
        106,
        53,
        53,
        null,
        null,
        null,
        1,
        12,
        12,
        12,
        12,
        null,
        null,
        1,
        null,
        null,
        1,
        null,
        null,
        1,
        null,
        null,
        1,
        null,
        1,
        12,
        12,
        36,
        null,
        null,
        null,
        null
      ],
      "/Users/Aerlinger/Dropbox/HomespreeRails/app/controllers/homeowners/passwords_controller.rb": [
        1,
        1,
        null,
        1,
        0,
        null,
        null,
        1,
        0,
        null,
        null,
        1,
        0,
        null,
        null,
        1,
        0,
        null,
        null
      ],
      "/Users/Aerlinger/Dropbox/HomespreeRails/app/controllers/homeowners/registrations_controller.rb": [
        1,
        1,
        null,
        1,
        7,
        7,
        null,
        null,
        1,
        null,
        1,
        3,
        null,
        null
      ],
      "/Users/Aerlinger/Dropbox/HomespreeRails/app/controllers/homeowners_controller.rb": [
        1,
        1,
        null,
        1,
        1,
        null,
        null
      ],
      "/Users/Aerlinger/Dropbox/HomespreeRails/app/controllers/mailinglists_controller.rb": [
        1,
        1,
        2,
        null,
        2,
        0,
        0,
        null,
        2,
        null,
        2,
        4,
        null,
        null,
        null,
        null,
        1,
        0,
        null,
        null,
        null,
        1,
        0,
        0,
        0,
        null,
        null
      ],
      "/Users/Aerlinger/Dropbox/HomespreeRails/app/controllers/photos_controller.rb": [
        1,
        1,
        null,
        0,
        0,
        0,
        0,
        0,
        0,
        null,
        null,
        null,
        1,
        0,
        null,
        null,
        1,
        0,
        null,
        null,
        1,
        0,
        0,
        null,
        0,
        0,
        null,
        null,
        null
      ],
      "/Users/Aerlinger/Dropbox/HomespreeRails/app/models/photo.rb": [
        null,
        null,
        null,
        null,
        null,
        null,
        null,
        null,
        null,
        null,
        null,
        null,
        null,
        null,
        1,
        1,
        null,
        1,
        null,
        1,
        null,
        1,
        null,
        1,
        44,
        null,
        null,
        null
      ],
      "/Users/Aerlinger/Dropbox/HomespreeRails/app/controllers/project_wizard_controller.rb": [
        1,
        1,
        null,
        1,
        1,
        null,
        1,
        1,
        1,
        null,
        1,
        1,
        null,
        1,
        17,
        17,
        17,
        null,
        null,
        1,
        6,
        6,
        null,
        null,
        1,
        null,
        1,
        0,
        null,
        null,
        1,
        1,
        null,
        null,
        1,
        17,
        5,
        null,
        null,
        null,
        1,
        null,
        null,
        null,
        null,
        null,
        null,
        1,
        null,
        null,
        null,
        null,
        1,
        23,
        23,
        null,
        null
      ],
      "/Users/Aerlinger/Dropbox/HomespreeRails/app/controllers/projects_controller.rb": [
        1,
        1,
        null,
        1,
        null,
        1,
        16,
        0,
        null,
        16,
        16,
        null,
        null,
        null,
        16,
        16,
        16,
        null,
        0,
        null,
        null,
        null,
        null,
        1,
        0,
        0,
        0,
        0,
        null,
        null,
        1,
        1,
        1,
        1,
        1,
        1,
        null,
        null,
        1,
        null,
        null,
        1,
        null,
        null,
        1,
        null,
        1,
        16,
        16,
        16,
        16,
        null,
        null,
        null
      ],
      "/Users/Aerlinger/Dropbox/HomespreeRails/app/controllers/specialties_controller.rb": [
        1,
        1,
        null,
        1,
        0,
        0,
        null,
        0,
        0,
        null,
        0,
        0,
        null,
        null,
        null,
        1,
        0,
        0,
        0,
        null,
        null,
        1,
        0,
        0,
        0,
        null,
        0,
        0,
        null,
        null,
        null,
        1,
        0,
        0,
        null,
        null,
        0,
        0,
        null,
        null,
        null
      ],
      "/Users/Aerlinger/Dropbox/HomespreeRails/app/models/specialty.rb": [
        null,
        null,
        null,
        null,
        null,
        null,
        null,
        null,
        null,
        null,
        null,
        null,
        null,
        null,
        null,
        1,
        1,
        null,
        null,
        1,
        null,
        null,
        null,
        null,
        null,
        null,
        null,
        null,
        null,
        null,
        null,
        null,
        null,
        null,
        null,
        42,
        null,
        null,
        1,
        null,
        1,
        null,
        1,
        null,
        1,
        null,
        null
      ],
      "/Users/Aerlinger/Dropbox/HomespreeRails/app/controllers/static_pages_controller.rb": [
        1,
        1,
        null,
        1,
        16,
        null,
        null,
        1,
        null,
        null,
        1,
        null,
        null,
        1,
        null,
        null,
        1,
        null,
        null,
        1,
        0,
        0,
        null,
        null,
        null,
        1,
        0,
        0,
        null,
        null,
        1,
        null,
        null,
        1,
        null,
        null,
        1,
        null,
        null,
        1,
        null,
        null,
        1,
        null,
        null,
        1,
        null,
        null
      ],
      "/Users/Aerlinger/Dropbox/HomespreeRails/app/controllers/users/alerts_controller.rb": [
        1,
        1,
        null,
        null,
        1,
        null,
        null,
        1,
        null,
        null
      ],
      "/Users/Aerlinger/Dropbox/HomespreeRails/app/models/alert.rb": [
        null,
        null,
        null,
        null,
        null,
        null,
        null,
        null,
        null,
        null,
        null,
        null,
        null,
        null,
        1,
        1,
        null,
        1,
        null
      ],
      "/Users/Aerlinger/Dropbox/HomespreeRails/app/controllers/users/conversations_controller.rb": [
        1,
        1,
        1,
        1,
        null,
        1,
        0,
        0,
        null,
        0,
        null,
        0,
        null,
        null,
        0,
        0,
        null,
        null,
        null,
        1,
        0,
        0,
        null,
        0,
        null,
        null,
        0,
        0,
        null,
        null,
        1,
        0,
        0,
        null,
        null,
        0,
        0,
        0,
        null,
        null,
        0,
        0,
        null,
        0,
        null,
        null,
        0,
        0,
        null,
        null,
        1,
        0,
        null,
        0,
        0,
        0,
        0,
        null,
        0,
        null,
        null,
        0,
        0,
        0,
        null,
        0,
        null,
        null,
        null,
        null,
        null,
        1,
        null,
        1,
        0,
        null,
        null,
        1,
        0,
        null,
        null,
        1,
        0,
        0,
        0,
        null,
        0,
        null,
        null,
        1,
        0,
        null,
        0,
        0,
        null,
        null,
        null,
        null,
        null
      ],
      "/Users/Aerlinger/Dropbox/HomespreeRails/app/controllers/users/dashboard_controller.rb": [
        1,
        1,
        null,
        1,
        null,
        null,
        1,
        null,
        null,
        1,
        null,
        null,
        1,
        null,
        null,
        1,
        null,
        null,
        1,
        null,
        null
      ],
      "/Users/Aerlinger/Dropbox/HomespreeRails/app/controllers/users/messages_controller.rb": [
        1,
        null,
        1,
        null,
        1,
        0,
        null,
        null,
        null,
        null,
        1,
        0,
        0,
        0,
        0,
        null,
        null,
        0,
        null,
        null,
        null,
        null,
        1,
        0,
        0,
        0,
        0,
        null,
        null,
        null,
        null,
        1,
        null,
        null,
        null,
        null,
        null,
        1,
        0,
        null,
        0,
        null,
        0,
        null,
        null,
        0,
        0,
        0,
        0,
        0,
        null,
        0,
        null,
        null,
        null,
        null,
        null,
        1,
        null,
        null,
        null,
        null,
        null,
        1,
        null,
        null,
        null,
        1,
        null,
        1,
        0,
        null,
        null,
        1,
        0,
        null,
        null,
        1,
        0,
        0,
        0,
        null,
        0,
        null,
        null
      ],
      "/Users/Aerlinger/Dropbox/HomespreeRails/app/controllers/users/passwords_controller.rb": [
        1,
        1,
        null,
        1,
        0,
        null,
        null,
        1,
        0,
        null,
        null,
        1,
        0,
        null,
        null,
        1,
        0,
        null,
        null
      ],
      "/Users/Aerlinger/Dropbox/HomespreeRails/app/controllers/users/sessions_controller.rb": [
        1,
        1,
        null,
        1,
        8,
        null,
        null,
        1,
        5,
        null,
        null,
        1,
        6,
        null,
        null,
        1,
        4,
        null,
        null
      ],
      "/Users/Aerlinger/Dropbox/HomespreeRails/app/decorators/address_decorator.rb": [
        1,
        1,
        null,
        1,
        1,
        null,
        1,
        0,
        null,
        0,
        0,
        0,
        null,
        null
      ],
      "/Users/Aerlinger/Dropbox/HomespreeRails/app/decorators/contractor_decorator.rb": [
        null,
        null,
        null,
        null,
        null,
        null,
        null,
        null,
        null,
        null,
        null,
        null,
        null,
        null,
        null,
        null,
        null,
        null,
        null,
        null,
        null,
        null,
        null,
        1,
        1,
        1,
        1,
        null,
        null,
        null,
        1,
        1,
        1,
        1,
        1,
        1,
        null,
        1,
        1,
        null,
        1,
        null,
        null,
        null,
        null,
        null,
        1,
        294,
        null,
        294,
        231,
        null,
        null,
        null,
        294,
        294,
        294,
        null,
        294,
        null,
        null,
        null,
        1,
        51,
        null,
        null,
        null,
        null,
        null,
        null,
        null,
        1,
        343,
        287,
        null,
        287,
        null,
        287,
        null,
        null,
        null,
        null,
        null,
        null,
        1,
        null,
        null,
        99,
        23,
        null,
        null,
        99,
        null,
        null,
        null,
        1,
        null,
        147,
        null,
        147,
        null,
        null,
        1,
        null,
        1,
        0,
        0,
        null,
        null,
        null,
        null,
        null,
        1,
        632,
        null,
        null
      ],
      "/Users/Aerlinger/Dropbox/HomespreeRails/app/decorators/project_decorator.rb": [
        null,
        null,
        null,
        null,
        null,
        null,
        1,
        1,
        null,
        null,
        null,
        null,
        null,
        null,
        null,
        null,
        null,
        null,
        null,
        1,
        null,
        8,
        null,
        8,
        0,
        null,
        null,
        null,
        1,
        null,
        null,
        null,
        null,
        null,
        null,
        null,
        null,
        null,
        null,
        null,
        null,
        null,
        null,
        null,
        null,
        null,
        null,
        null,
        null,
        1,
        0,
        null,
        null,
        null,
        null,
        null,
        null,
        null,
        null,
        null,
        null,
        null,
        null,
        null,
        null,
        null,
        null,
        null,
        null,
        null,
        null,
        null,
        null,
        null,
        null,
        1,
        8,
        8,
        8,
        null,
        null,
        null
      ],
      "/Users/Aerlinger/Dropbox/HomespreeRails/app/form_builders/project_form_builder.rb": [
        null,
        null,
        null,
        null,
        1,
        1,
        0,
        0,
        null,
        null,
        0,
        null,
        null,
        1,
        0,
        0,
        null,
        null,
        null,
        1,
        0,
        0,
        null,
        null,
        null,
        1,
        0,
        null,
        null,
        0,
        0,
        null,
        null,
        null,
        1,
        0,
        null,
        0,
        0,
        null,
        0,
        0,
        null,
        0,
        0,
        0,
        null,
        0,
        null,
        null,
        null,
        null,
        null,
        null,
        0,
        null,
        null
      ],
      "/Users/Aerlinger/Dropbox/HomespreeRails/app/forms/abstract_form.rb": [
        1,
        null,
        null,
        1,
        1,
        1,
        null,
        1,
        null,
        null,
        1,
        0,
        null,
        null,
        1,
        0,
        null,
        null,
        1,
        null,
        null,
        null,
        null
      ],
      "/Users/Aerlinger/Dropbox/HomespreeRails/app/forms/appointment_form.rb": [
        1,
        null,
        1,
        null,
        1,
        1,
        1,
        1,
        1,
        null,
        1,
        1,
        1,
        1,
        1,
        null,
        null,
        null
      ],
      "/Users/Aerlinger/Dropbox/HomespreeRails/app/forms/request_form.rb": [
        null,
        1,
        null,
        1,
        null,
        1,
        1,
        1,
        null,
        1,
        null,
        null,
        1,
        1,
        1,
        null,
        null
      ],
      "/Users/Aerlinger/Dropbox/HomespreeRails/app/forms/sample_data.rb": [
        null,
        null,
        1,
        null,
        null,
        null,
        null,
        null,
        null
      ],
      "/Users/Aerlinger/Dropbox/HomespreeRails/app/forms/simple_request_form.rb": [
        1,
        null,
        null,
        null
      ],
      "/Users/Aerlinger/Dropbox/HomespreeRails/app/forms/submit_form.rb": [
        1,
        null,
        null,
        null,
        null
      ],
      "/Users/Aerlinger/Dropbox/HomespreeRails/app/mailers/contractor_mailer.rb": [
        1,
        1,
        null,
        1,
        0,
        0,
        null,
        null,
        1,
        0,
        null,
        null
      ],
      "/Users/Aerlinger/Dropbox/HomespreeRails/app/mailers/user_mailer.rb": [
        1,
        1,
        null
      ],
      "/Users/Aerlinger/Dropbox/HomespreeRails/app/models/badge.rb": [
        null,
        null,
        null,
        null,
        null,
        null,
        null,
        null,
        null,
        null,
        null,
        null,
        null,
        1,
        null,
        1,
        null,
        1,
        null,
        1,
        null,
        1,
        0,
        null,
        null
      ],
      "/Users/Aerlinger/Dropbox/HomespreeRails/app/models/concerns/project_proxy.rb": [
        1,
        1,
        null,
        1,
        null,
        null,
        1,
        1,
        0,
        0,
        null,
        null,
        null,
        null
      ]
    },
    "timestamp": 1375624026
  }
}
